# JRE version: Java(TM) SE Runtime Environment (17.0.8+9) (build 17.0.8+9-LTS-211)
# Java VM: Java HotSpot(TM) 64-Bit Server VM (17.0.8+9-LTS-211, mixed mode, sharing, tiered, compressed oops, compressed class ptrs, g1 gc, windows-amd64)
GC Precious Log:
 CPUs: 8 total, 8 available
 Memory: 16205M
 Large Page Support: Disabled
 NUMA Support: Disabled
 Compressed Oops: Enabled (Zero based)
 Heap Region Size: 2M
 Heap Min Capacity: 8M
 Heap Initial Capacity: 254M
 Heap Max Capacity: 4052M
 Pre-touch: Disabled
 Parallel Workers: 8
 Concurrent Workers: 2
 Concurrent Refinement Workers: 8
 Periodic GC: Disabled
Heap:
 garbage-first heap   total 161792K, used 37965K [0x0000000702c00000, 0x0000000800000000)
  region size 2048K, 10 young (20480K), 1 survivors (2048K)
 Metaspace       used 53060K, committed 53568K, reserved 1114112K
  class space    used 7338K, committed 7552K, reserved 1048576K
GC Heap History (20 events):
Event: 1.138 GC heap before
{Heap before GC invocations=1 (full 0):
 garbage-first heap   total 260096K, used 29512K [0x0000000702c00000, 0x0000000800000000)
  region size 2048K, 14 young (28672K), 2 survivors (4096K)
 Metaspace       used 10183K, committed 10432K, reserved 1114112K
  class space    used 1287K, committed 1408K, reserved 1048576K
}
Event: 1.146 GC heap after
{Heap after GC invocations=2 (full 0):
 garbage-first heap   total 260096K, used 8204K [0x0000000702c00000, 0x0000000800000000)
  region size 2048K, 1 young (2048K), 1 survivors (2048K)
 Metaspace       used 10183K, committed 10432K, reserved 1114112K
  class space    used 1287K, committed 1408K, reserved 1048576K
}
Event: 2.838 GC heap before
{Heap before GC invocations=2 (full 0):
 garbage-first heap   total 260096K, used 77836K [0x0000000702c00000, 0x0000000800000000)
  region size 2048K, 36 young (73728K), 1 survivors (2048K)
 Metaspace       used 21201K, committed 21504K, reserved 1114112K
  class space    used 2705K, committed 2880K, reserved 1048576K
}
Event: 2.843 GC heap after
{Heap after GC invocations=3 (full 0):
 garbage-first heap   total 260096K, used 12700K [0x0000000702c00000, 0x0000000800000000)
  region size 2048K, 4 young (8192K), 4 survivors (8192K)
 Metaspace       used 21201K, committed 21504K, reserved 1114112K
  class space    used 2705K, committed 2880K, reserved 1048576K
}
Event: 3.729 GC heap before
{Heap before GC invocations=4 (full 0):
 garbage-first heap   total 61440K, used 41372K [0x0000000702c00000, 0x0000000800000000)
  region size 2048K, 18 young (36864K), 4 survivors (8192K)
 Metaspace       used 25269K, committed 25664K, reserved 1114112K
  class space    used 3306K, committed 3520K, reserved 1048576K
}
Event: 3.737 GC heap after
{Heap after GC invocations=5 (full 0):
 garbage-first heap   total 61440K, used 14865K [0x0000000702c00000, 0x0000000800000000)
  region size 2048K, 2 young (4096K), 2 survivors (4096K)
 Metaspace       used 25269K, committed 25664K, reserved 1114112K
  class space    used 3306K, committed 3520K, reserved 1048576K
}
Event: 3.808 GC heap before
{Heap before GC invocations=5 (full 0):
 garbage-first heap   total 61440K, used 16913K [0x0000000702c00000, 0x0000000800000000)
  region size 2048K, 3 young (6144K), 2 survivors (4096K)
 Metaspace       used 25698K, committed 26112K, reserved 1114112K
  class space    used 3379K, committed 3584K, reserved 1048576K
}
Event: 3.814 GC heap after
{Heap after GC invocations=6 (full 0):
 garbage-first heap   total 61440K, used 15143K [0x0000000702c00000, 0x0000000800000000)
  region size 2048K, 1 young (2048K), 1 survivors (2048K)
 Metaspace       used 25698K, committed 26112K, reserved 1114112K
  class space    used 3379K, committed 3584K, reserved 1048576K
}
Event: 5.183 GC heap before
{Heap before GC invocations=6 (full 0):
 garbage-first heap   total 61440K, used 37671K [0x0000000702c00000, 0x0000000800000000)
  region size 2048K, 13 young (26624K), 1 survivors (2048K)
 Metaspace       used 30128K, committed 30528K, reserved 1114112K
  class space    used 3914K, committed 4096K, reserved 1048576K
}
Event: 5.187 GC heap after
{Heap after GC invocations=7 (full 0):
 garbage-first heap   total 61440K, used 17577K [0x0000000702c00000, 0x0000000800000000)
  region size 2048K, 2 young (4096K), 2 survivors (4096K)
 Metaspace       used 30128K, committed 30528K, reserved 1114112K
  class space    used 3914K, committed 4096K, reserved 1048576K
}
Event: 5.854 GC heap before
{Heap before GC invocations=7 (full 0):
 garbage-first heap   total 61440K, used 38057K [0x0000000702c00000, 0x0000000800000000)
  region size 2048K, 13 young (26624K), 2 survivors (4096K)
 Metaspace       used 33824K, committed 34240K, reserved 1114112K
  class space    used 4431K, committed 4608K, reserved 1048576K
}
Event: 5.858 GC heap after
{Heap after GC invocations=8 (full 0):
 garbage-first heap   total 61440K, used 18813K [0x0000000702c00000, 0x0000000800000000)
  region size 2048K, 1 young (2048K), 1 survivors (2048K)
 Metaspace       used 33824K, committed 34240K, reserved 1114112K
  class space    used 4431K, committed 4608K, reserved 1048576K
}
Event: 6.082 GC heap before
{Heap before GC invocations=8 (full 0):
 garbage-first heap   total 61440K, used 24957K [0x0000000702c00000, 0x0000000800000000)
  region size 2048K, 5 young (10240K), 1 survivors (2048K)
 Metaspace       used 35523K, committed 35968K, reserved 1114112K
  class space    used 4701K, committed 4928K, reserved 1048576K
}
Event: 6.085 GC heap after
{Heap after GC invocations=9 (full 0):
 garbage-first heap   total 61440K, used 18937K [0x0000000702c00000, 0x0000000800000000)
  region size 2048K, 1 young (2048K), 1 survivors (2048K)
 Metaspace       used 35523K, committed 35968K, reserved 1114112K
  class space    used 4701K, committed 4928K, reserved 1048576K
}
Event: 7.621 GC heap before
{Heap before GC invocations=10 (full 0):
 garbage-first heap   total 61440K, used 43513K [0x0000000702c00000, 0x0000000800000000)
  region size 2048K, 14 young (28672K), 1 survivors (2048K)
 Metaspace       used 42025K, committed 42496K, reserved 1114112K
  class space    used 5617K, committed 5824K, reserved 1048576K
}
Event: 7.625 GC heap after
{Heap after GC invocations=11 (full 0):
 garbage-first heap   total 61440K, used 20599K [0x0000000702c00000, 0x0000000800000000)
  region size 2048K, 2 young (4096K), 2 survivors (4096K)
 Metaspace       used 42025K, committed 42496K, reserved 1114112K
  class space    used 5617K, committed 5824K, reserved 1048576K
}
Event: 7.731 GC heap before
{Heap before GC invocations=11 (full 0):
 garbage-first heap   total 61440K, used 22647K [0x0000000702c00000, 0x0000000800000000)
  region size 2048K, 3 young (6144K), 2 survivors (4096K)
 Metaspace       used 42401K, committed 42880K, reserved 1114112K
  class space    used 5667K, committed 5888K, reserved 1048576K
}
Event: 7.736 GC heap after
{Heap after GC invocations=12 (full 0):
 garbage-first heap   total 61440K, used 20620K [0x0000000702c00000, 0x0000000800000000)
  region size 2048K, 1 young (2048K), 1 survivors (2048K)
 Metaspace       used 42401K, committed 42880K, reserved 1114112K
  class space    used 5667K, committed 5888K, reserved 1048576K
}
Event: 8.788 GC heap before
{Heap before GC invocations=12 (full 0):
 garbage-first heap   total 61440K, used 45196K [0x0000000702c00000, 0x0000000800000000)
  region size 2048K, 13 young (26624K), 1 survivors (2048K)
 Metaspace       used 48906K, committed 49344K, reserved 1114112K
  class space    used 6641K, committed 6848K, reserved 1048576K
}
Event: 8.790 GC heap after
{Heap after GC invocations=13 (full 0):
 garbage-first heap   total 161792K, used 21581K [0x0000000702c00000, 0x0000000800000000)
  region size 2048K, 1 young (2048K), 1 survivors (2048K)
 Metaspace       used 48906K, committed 49344K, reserved 1114112K
  class space    used 6641K, committed 6848K, reserved 1048576K
}

